\BOOKMARK [1][-]{section.1}{.... ..}{}% 1
\BOOKMARK [2][-]{subsection.1.1}{... ..}{section.1}% 2
\BOOKMARK [2][-]{subsection.1.2}{... .. .....}{section.1}% 3
\BOOKMARK [2][-]{subsection.1.3}{.... ...}{section.1}% 4
\BOOKMARK [2][-]{subsection.1.4}{Git}{section.1}% 5
\BOOKMARK [1][-]{section.2}{..... .....}{}% 6
\BOOKMARK [2][-]{subsection.2.1}{......?}{section.2}% 7
\BOOKMARK [2][-]{subsection.2.2}{..... ..}{section.2}% 8
\BOOKMARK [1][-]{section.3}{... ..}{}% 9
\BOOKMARK [2][-]{subsection.3.1}{... ... ..}{section.3}% 10
\BOOKMARK [3][-]{subsubsection.3.1.1}{... .... ..... ...}{subsection.3.1}% 11
\BOOKMARK [3][-]{subsubsection.3.1.2}{.. ... ... : ...}{subsection.3.1}% 12
\BOOKMARK [2][-]{subsection.3.2}{.... ....}{section.3}% 13
\BOOKMARK [2][-]{subsection.3.3}{... ... ..}{section.3}% 14
\BOOKMARK [3][-]{subsubsection.3.3.1}{..}{subsection.3.3}% 15
\BOOKMARK [2][-]{subsection.3.4}{... ...... ..}{section.3}% 16
\BOOKMARK [1][-]{section.4}{... ..... ....}{}% 17
\BOOKMARK [2][-]{subsection.4.1}{..... .. . ....}{section.4}% 18
\BOOKMARK [2][-]{subsection.4.2}{..... .. ..}{section.4}% 19
\BOOKMARK [2][-]{subsection.4.3}{..... ....}{section.4}% 20
\BOOKMARK [3][-]{subsubsection.4.3.1}{os/pickle .....}{subsection.4.3}% 21
\BOOKMARK [3][-]{subsubsection.4.3.2}{re .....}{subsection.4.3}% 22
\BOOKMARK [3][-]{subsubsection.4.3.3}{BeautifulSoup/requests .....}{subsection.4.3}% 23
\BOOKMARK [3][-]{subsubsection.4.3.4}{multiprocessing .....}{subsection.4.3}% 24
\BOOKMARK [3][-]{subsubsection.4.3.5}{xlrd/xlwt .....}{subsection.4.3}% 25
\BOOKMARK [3][-]{subsubsection.4.3.6}{...}{subsection.4.3}% 26
